{"/Users/pawelgrimm/Projects/pomi/src/index.tsx": {"path":"/Users/pawelgrimm/Projects/pomi/src/index.tsx","statementMap":{"0":{"start":{"line":9,"column":0},"end":{"line":16,"column":2}},"1":{"start":{"line":21,"column":0},"end":{"line":21,"column":27}}},"fnMap":{},"branchMap":{},"s":{"0":0,"1":0},"f":{},"b":{},"hash":"dbba3eb560ab4f11815b8cde739d5fd59f7ed5a6"}
,"/Users/pawelgrimm/Projects/pomi/src/serviceWorker.ts": {"path":"/Users/pawelgrimm/Projects/pomi/src/serviceWorker.ts","statementMap":{"0":{"start":{"line":13,"column":20},"end":{"line":21,"column":1}},"1":{"start":{"line":29,"column":2},"end":{"line":59,"column":3}},"2":{"start":{"line":31,"column":22},"end":{"line":31,"column":75}},"3":{"start":{"line":32,"column":4},"end":{"line":37,"column":5}},"4":{"start":{"line":36,"column":6},"end":{"line":36,"column":13}},"5":{"start":{"line":39,"column":4},"end":{"line":58,"column":7}},"6":{"start":{"line":40,"column":20},"end":{"line":40,"column":65}},"7":{"start":{"line":42,"column":6},"end":{"line":57,"column":7}},"8":{"start":{"line":44,"column":8},"end":{"line":44,"column":47}},"9":{"start":{"line":48,"column":8},"end":{"line":53,"column":11}},"10":{"start":{"line":49,"column":10},"end":{"line":52,"column":12}},"11":{"start":{"line":56,"column":8},"end":{"line":56,"column":39}},"12":{"start":{"line":63,"column":2},"end":{"line":103,"column":7}},"13":{"start":{"line":66,"column":6},"end":{"line":99,"column":8}},"14":{"start":{"line":67,"column":33},"end":{"line":67,"column":56}},"15":{"start":{"line":68,"column":8},"end":{"line":70,"column":9}},"16":{"start":{"line":69,"column":10},"end":{"line":69,"column":17}},"17":{"start":{"line":71,"column":8},"end":{"line":98,"column":10}},"18":{"start":{"line":72,"column":10},"end":{"line":97,"column":11}},"19":{"start":{"line":73,"column":12},"end":{"line":96,"column":13}},"20":{"start":{"line":77,"column":14},"end":{"line":80,"column":16}},"21":{"start":{"line":83,"column":14},"end":{"line":85,"column":15}},"22":{"start":{"line":84,"column":16},"end":{"line":84,"column":46}},"23":{"start":{"line":90,"column":14},"end":{"line":90,"column":64}},"24":{"start":{"line":93,"column":14},"end":{"line":95,"column":15}},"25":{"start":{"line":94,"column":16},"end":{"line":94,"column":47}},"26":{"start":{"line":102,"column":6},"end":{"line":102,"column":72}},"27":{"start":{"line":108,"column":2},"end":{"line":133,"column":7}},"28":{"start":{"line":113,"column":26},"end":{"line":113,"column":62}},"29":{"start":{"line":114,"column":6},"end":{"line":127,"column":7}},"30":{"start":{"line":119,"column":8},"end":{"line":123,"column":11}},"31":{"start":{"line":120,"column":10},"end":{"line":122,"column":13}},"32":{"start":{"line":121,"column":12},"end":{"line":121,"column":37}},"33":{"start":{"line":126,"column":8},"end":{"line":126,"column":39}},"34":{"start":{"line":130,"column":6},"end":{"line":132,"column":8}},"35":{"start":{"line":137,"column":2},"end":{"line":145,"column":3}},"36":{"start":{"line":138,"column":4},"end":{"line":144,"column":9}},"37":{"start":{"line":140,"column":8},"end":{"line":140,"column":34}},"38":{"start":{"line":143,"column":8},"end":{"line":143,"column":37}}},"fnMap":{"0":{"name":"register","decl":{"start":{"line":28,"column":16},"end":{"line":28,"column":24}},"loc":{"start":{"line":28,"column":42},"end":{"line":60,"column":1}},"line":28},"1":{"name":"(anonymous_1)","decl":{"start":{"line":39,"column":36},"end":{"line":39,"column":37}},"loc":{"start":{"line":39,"column":42},"end":{"line":58,"column":5}},"line":39},"2":{"name":"(anonymous_2)","decl":{"start":{"line":48,"column":43},"end":{"line":48,"column":44}},"loc":{"start":{"line":48,"column":49},"end":{"line":53,"column":9}},"line":48},"3":{"name":"registerValidSW","decl":{"start":{"line":62,"column":9},"end":{"line":62,"column":24}},"loc":{"start":{"line":62,"column":57},"end":{"line":104,"column":1}},"line":62},"4":{"name":"(anonymous_4)","decl":{"start":{"line":65,"column":10},"end":{"line":65,"column":11}},"loc":{"start":{"line":65,"column":26},"end":{"line":100,"column":5}},"line":65},"5":{"name":"(anonymous_5)","decl":{"start":{"line":66,"column":35},"end":{"line":66,"column":36}},"loc":{"start":{"line":66,"column":41},"end":{"line":99,"column":7}},"line":66},"6":{"name":"(anonymous_6)","decl":{"start":{"line":71,"column":41},"end":{"line":71,"column":42}},"loc":{"start":{"line":71,"column":47},"end":{"line":98,"column":9}},"line":71},"7":{"name":"(anonymous_7)","decl":{"start":{"line":101,"column":11},"end":{"line":101,"column":12}},"loc":{"start":{"line":101,"column":20},"end":{"line":103,"column":5}},"line":101},"8":{"name":"checkValidServiceWorker","decl":{"start":{"line":106,"column":9},"end":{"line":106,"column":32}},"loc":{"start":{"line":106,"column":65},"end":{"line":134,"column":1}},"line":106},"9":{"name":"(anonymous_9)","decl":{"start":{"line":111,"column":10},"end":{"line":111,"column":11}},"loc":{"start":{"line":111,"column":22},"end":{"line":128,"column":5}},"line":111},"10":{"name":"(anonymous_10)","decl":{"start":{"line":119,"column":43},"end":{"line":119,"column":44}},"loc":{"start":{"line":119,"column":59},"end":{"line":123,"column":9}},"line":119},"11":{"name":"(anonymous_11)","decl":{"start":{"line":120,"column":41},"end":{"line":120,"column":42}},"loc":{"start":{"line":120,"column":47},"end":{"line":122,"column":11}},"line":120},"12":{"name":"(anonymous_12)","decl":{"start":{"line":129,"column":11},"end":{"line":129,"column":12}},"loc":{"start":{"line":129,"column":17},"end":{"line":133,"column":5}},"line":129},"13":{"name":"unregister","decl":{"start":{"line":136,"column":16},"end":{"line":136,"column":26}},"loc":{"start":{"line":136,"column":29},"end":{"line":146,"column":1}},"line":136},"14":{"name":"(anonymous_14)","decl":{"start":{"line":139,"column":12},"end":{"line":139,"column":13}},"loc":{"start":{"line":139,"column":28},"end":{"line":141,"column":7}},"line":139},"15":{"name":"(anonymous_15)","decl":{"start":{"line":142,"column":13},"end":{"line":142,"column":14}},"loc":{"start":{"line":142,"column":22},"end":{"line":144,"column":7}},"line":142}},"branchMap":{"0":{"loc":{"start":{"line":14,"column":2},"end":{"line":20,"column":5}},"type":"binary-expr","locations":[{"start":{"line":14,"column":2},"end":{"line":14,"column":42}},{"start":{"line":16,"column":4},"end":{"line":16,"column":40}},{"start":{"line":18,"column":4},"end":{"line":20,"column":5}}],"line":14},"1":{"loc":{"start":{"line":29,"column":2},"end":{"line":59,"column":3}},"type":"if","locations":[{"start":{"line":29,"column":2},"end":{"line":59,"column":3}},{"start":{"line":29,"column":2},"end":{"line":59,"column":3}}],"line":29},"2":{"loc":{"start":{"line":29,"column":6},"end":{"line":29,"column":75}},"type":"binary-expr","locations":[{"start":{"line":29,"column":6},"end":{"line":29,"column":43}},{"start":{"line":29,"column":47},"end":{"line":29,"column":75}}],"line":29},"3":{"loc":{"start":{"line":32,"column":4},"end":{"line":37,"column":5}},"type":"if","locations":[{"start":{"line":32,"column":4},"end":{"line":37,"column":5}},{"start":{"line":32,"column":4},"end":{"line":37,"column":5}}],"line":32},"4":{"loc":{"start":{"line":42,"column":6},"end":{"line":57,"column":7}},"type":"if","locations":[{"start":{"line":42,"column":6},"end":{"line":57,"column":7}},{"start":{"line":42,"column":6},"end":{"line":57,"column":7}}],"line":42},"5":{"loc":{"start":{"line":68,"column":8},"end":{"line":70,"column":9}},"type":"if","locations":[{"start":{"line":68,"column":8},"end":{"line":70,"column":9}},{"start":{"line":68,"column":8},"end":{"line":70,"column":9}}],"line":68},"6":{"loc":{"start":{"line":72,"column":10},"end":{"line":97,"column":11}},"type":"if","locations":[{"start":{"line":72,"column":10},"end":{"line":97,"column":11}},{"start":{"line":72,"column":10},"end":{"line":97,"column":11}}],"line":72},"7":{"loc":{"start":{"line":73,"column":12},"end":{"line":96,"column":13}},"type":"if","locations":[{"start":{"line":73,"column":12},"end":{"line":96,"column":13}},{"start":{"line":73,"column":12},"end":{"line":96,"column":13}}],"line":73},"8":{"loc":{"start":{"line":83,"column":14},"end":{"line":85,"column":15}},"type":"if","locations":[{"start":{"line":83,"column":14},"end":{"line":85,"column":15}},{"start":{"line":83,"column":14},"end":{"line":85,"column":15}}],"line":83},"9":{"loc":{"start":{"line":83,"column":18},"end":{"line":83,"column":43}},"type":"binary-expr","locations":[{"start":{"line":83,"column":18},"end":{"line":83,"column":24}},{"start":{"line":83,"column":28},"end":{"line":83,"column":43}}],"line":83},"10":{"loc":{"start":{"line":93,"column":14},"end":{"line":95,"column":15}},"type":"if","locations":[{"start":{"line":93,"column":14},"end":{"line":95,"column":15}},{"start":{"line":93,"column":14},"end":{"line":95,"column":15}}],"line":93},"11":{"loc":{"start":{"line":93,"column":18},"end":{"line":93,"column":44}},"type":"binary-expr","locations":[{"start":{"line":93,"column":18},"end":{"line":93,"column":24}},{"start":{"line":93,"column":28},"end":{"line":93,"column":44}}],"line":93},"12":{"loc":{"start":{"line":114,"column":6},"end":{"line":127,"column":7}},"type":"if","locations":[{"start":{"line":114,"column":6},"end":{"line":127,"column":7}},{"start":{"line":114,"column":6},"end":{"line":127,"column":7}}],"line":114},"13":{"loc":{"start":{"line":115,"column":8},"end":{"line":116,"column":73}},"type":"binary-expr","locations":[{"start":{"line":115,"column":8},"end":{"line":115,"column":31}},{"start":{"line":116,"column":9},"end":{"line":116,"column":28}},{"start":{"line":116,"column":32},"end":{"line":116,"column":72}}],"line":115},"14":{"loc":{"start":{"line":137,"column":2},"end":{"line":145,"column":3}},"type":"if","locations":[{"start":{"line":137,"column":2},"end":{"line":145,"column":3}},{"start":{"line":137,"column":2},"end":{"line":145,"column":3}}],"line":137}},"s":{"0":0,"1":0,"2":0,"3":0,"4":0,"5":0,"6":0,"7":0,"8":0,"9":0,"10":0,"11":0,"12":0,"13":0,"14":0,"15":0,"16":0,"17":0,"18":0,"19":0,"20":0,"21":0,"22":0,"23":0,"24":0,"25":0,"26":0,"27":0,"28":0,"29":0,"30":0,"31":0,"32":0,"33":0,"34":0,"35":0,"36":0,"37":0,"38":0},"f":{"0":0,"1":0,"2":0,"3":0,"4":0,"5":0,"6":0,"7":0,"8":0,"9":0,"10":0,"11":0,"12":0,"13":0,"14":0,"15":0},"b":{"0":[0,0,0],"1":[0,0],"2":[0,0],"3":[0,0],"4":[0,0],"5":[0,0],"6":[0,0],"7":[0,0],"8":[0,0],"9":[0,0],"10":[0,0],"11":[0,0],"12":[0,0],"13":[0,0,0],"14":[0,0]},"hash":"b7806660b09bf488681f903decfcb0e0faca7494"}
,"/Users/pawelgrimm/Projects/pomi/src/app/store.ts": {"path":"/Users/pawelgrimm/Projects/pomi/src/app/store.ts","statementMap":{"0":{"start":{"line":4,"column":21},"end":{"line":8,"column":2}}},"fnMap":{},"branchMap":{},"s":{"0":0},"f":{},"b":{},"hash":"18b78105320c8ebec39cab1bcef0120bedb2ba80"}
,"/Users/pawelgrimm/Projects/pomi/src/components/index.ts": {"path":"/Users/pawelgrimm/Projects/pomi/src/components/index.ts","statementMap":{},"fnMap":{},"branchMap":{},"s":{},"f":{},"b":{},"_coverageSchema":"43e27e138ebf9cfc5966b082cf9a028302ed4184","hash":"eba0192f77383527e487e3ae50db8c3420f93489"}
,"/Users/pawelgrimm/Projects/pomi/src/components/App/App.tsx": {"path":"/Users/pawelgrimm/Projects/pomi/src/components/App/App.tsx","statementMap":{"0":{"start":{"line":8,"column":22},"end":{"line":29,"column":1}},"1":{"start":{"line":9,"column":2},"end":{"line":28,"column":4}}},"fnMap":{"0":{"name":"(anonymous_0)","decl":{"start":{"line":8,"column":22},"end":{"line":8,"column":23}},"loc":{"start":{"line":8,"column":28},"end":{"line":29,"column":1}},"line":8}},"branchMap":{},"s":{"0":2,"1":2},"f":{"0":2},"b":{},"_coverageSchema":"43e27e138ebf9cfc5966b082cf9a028302ed4184","hash":"30df2de57de288ab5f8ab6e83b7a2e06cefe4184"}
,"/Users/pawelgrimm/Projects/pomi/src/components/App/index.ts": {"path":"/Users/pawelgrimm/Projects/pomi/src/components/App/index.ts","statementMap":{},"fnMap":{},"branchMap":{},"s":{},"f":{},"b":{},"_coverageSchema":"43e27e138ebf9cfc5966b082cf9a028302ed4184","hash":"b42e74c663f071c4a3c6a4b2193025ca6ea00bd9"}
,"/Users/pawelgrimm/Projects/pomi/src/components/ButtonGroup/ButtonGroup.tsx": {"path":"/Users/pawelgrimm/Projects/pomi/src/components/ButtonGroup/ButtonGroup.tsx","statementMap":{"0":{"start":{"line":8,"column":37},"end":{"line":10,"column":1}},"1":{"start":{"line":9,"column":2},"end":{"line":9,"column":56}}},"fnMap":{"0":{"name":"(anonymous_0)","decl":{"start":{"line":8,"column":37},"end":{"line":8,"column":38}},"loc":{"start":{"line":8,"column":55},"end":{"line":10,"column":1}},"line":8}},"branchMap":{},"s":{"0":2,"1":0},"f":{"0":0},"b":{},"_coverageSchema":"43e27e138ebf9cfc5966b082cf9a028302ed4184","hash":"021cd6f139ca74202f18750aec635d5e18256566"}
,"/Users/pawelgrimm/Projects/pomi/src/components/ButtonGroup/index.ts": {"path":"/Users/pawelgrimm/Projects/pomi/src/components/ButtonGroup/index.ts","statementMap":{},"fnMap":{},"branchMap":{},"s":{},"f":{},"b":{},"_coverageSchema":"43e27e138ebf9cfc5966b082cf9a028302ed4184","hash":"c87ce1e1aae749280299db7fd2acfe9069630713"}
,"/Users/pawelgrimm/Projects/pomi/src/components/Card/Card.tsx": {"path":"/Users/pawelgrimm/Projects/pomi/src/components/Card/Card.tsx","statementMap":{"0":{"start":{"line":10,"column":30},"end":{"line":18,"column":1}},"1":{"start":{"line":11,"column":20},"end":{"line":15,"column":4}},"2":{"start":{"line":17,"column":2},"end":{"line":17,"column":53}}},"fnMap":{"0":{"name":"(anonymous_0)","decl":{"start":{"line":10,"column":30},"end":{"line":10,"column":31}},"loc":{"start":{"line":10,"column":54},"end":{"line":18,"column":1}},"line":10}},"branchMap":{},"s":{"0":2,"1":0,"2":0},"f":{"0":0},"b":{},"_coverageSchema":"43e27e138ebf9cfc5966b082cf9a028302ed4184","hash":"5e8833265531bef2e6e246e4c86ae0c53af9fe8d"}
,"/Users/pawelgrimm/Projects/pomi/src/components/Card/index.ts": {"path":"/Users/pawelgrimm/Projects/pomi/src/components/Card/index.ts","statementMap":{},"fnMap":{},"branchMap":{},"s":{},"f":{},"b":{},"_coverageSchema":"43e27e138ebf9cfc5966b082cf9a028302ed4184","hash":"a0e85bb29e30a867f7fc573f9dd8f58a9a621550"}
,"/Users/pawelgrimm/Projects/pomi/src/components/EditSession/EditSession.tsx": {"path":"/Users/pawelgrimm/Projects/pomi/src/components/EditSession/EditSession.tsx","statementMap":{"0":{"start":{"line":12,"column":37},"end":{"line":47,"column":1}},"1":{"start":{"line":13,"column":26},"end":{"line":13,"column":65}},"2":{"start":{"line":14,"column":36},"end":{"line":14,"column":48}},"3":{"start":{"line":15,"column":32},"end":{"line":15,"column":67}},"4":{"start":{"line":16,"column":40},"end":{"line":16,"column":52}},"5":{"start":{"line":17,"column":32},"end":{"line":17,"column":44}},"6":{"start":{"line":19,"column":18},"end":{"line":29,"column":3}},"7":{"start":{"line":20,"column":29},"end":{"line":26,"column":5}},"8":{"start":{"line":27,"column":16},"end":{"line":27,"column":52}},"9":{"start":{"line":28,"column":4},"end":{"line":28,"column":55}},"10":{"start":{"line":31,"column":2},"end":{"line":46,"column":4}}},"fnMap":{"0":{"name":"(anonymous_0)","decl":{"start":{"line":12,"column":37},"end":{"line":12,"column":38}},"loc":{"start":{"line":12,"column":55},"end":{"line":47,"column":1}},"line":12},"1":{"name":"(anonymous_1)","decl":{"start":{"line":19,"column":18},"end":{"line":19,"column":19}},"loc":{"start":{"line":19,"column":24},"end":{"line":29,"column":3}},"line":19}},"branchMap":{},"s":{"0":2,"1":0,"2":0,"3":0,"4":0,"5":0,"6":0,"7":0,"8":0,"9":0,"10":0},"f":{"0":0,"1":0},"b":{},"_coverageSchema":"43e27e138ebf9cfc5966b082cf9a028302ed4184","hash":"a3ae9781a3b0ca6176894ee0036f3accf306dc20"}
,"/Users/pawelgrimm/Projects/pomi/src/components/EditSession/index.ts": {"path":"/Users/pawelgrimm/Projects/pomi/src/components/EditSession/index.ts","statementMap":{},"fnMap":{},"branchMap":{},"s":{},"f":{},"b":{},"_coverageSchema":"43e27e138ebf9cfc5966b082cf9a028302ed4184","hash":"0350baede1214ccc098d7c8342b99e5cde36abd6"}
,"/Users/pawelgrimm/Projects/pomi/src/components/Header/Header.tsx": {"path":"/Users/pawelgrimm/Projects/pomi/src/components/Header/Header.tsx","statementMap":{"0":{"start":{"line":5,"column":18},"end":{"line":22,"column":3}},"1":{"start":{"line":5,"column":41},"end":{"line":22,"column":1}},"2":{"start":{"line":24,"column":25},"end":{"line":35,"column":1}},"3":{"start":{"line":25,"column":18},"end":{"line":25,"column":29}},"4":{"start":{"line":26,"column":2},"end":{"line":34,"column":4}}},"fnMap":{"0":{"name":"(anonymous_0)","decl":{"start":{"line":5,"column":29},"end":{"line":5,"column":30}},"loc":{"start":{"line":5,"column":41},"end":{"line":22,"column":1}},"line":5},"1":{"name":"(anonymous_1)","decl":{"start":{"line":24,"column":25},"end":{"line":24,"column":26}},"loc":{"start":{"line":24,"column":31},"end":{"line":35,"column":1}},"line":24}},"branchMap":{},"s":{"0":3,"1":1,"2":3,"3":2,"4":2},"f":{"0":1,"1":2},"b":{},"_coverageSchema":"43e27e138ebf9cfc5966b082cf9a028302ed4184","hash":"e7cf4b854453ededa1b0204bcf9e096805b88b2c"}
,"/Users/pawelgrimm/Projects/pomi/src/components/Header/index.ts": {"path":"/Users/pawelgrimm/Projects/pomi/src/components/Header/index.ts","statementMap":{},"fnMap":{},"branchMap":{},"s":{},"f":{},"b":{},"_coverageSchema":"43e27e138ebf9cfc5966b082cf9a028302ed4184","hash":"4f04be14ea0846ca58682b353ff3128aabf9a441"}
,"/Users/pawelgrimm/Projects/pomi/src/components/Inputs/DescriptionField.tsx": {"path":"/Users/pawelgrimm/Projects/pomi/src/components/Inputs/DescriptionField.tsx","statementMap":{"0":{"start":{"line":4,"column":25},"end":{"line":23,"column":1}},"1":{"start":{"line":9,"column":2},"end":{"line":22,"column":4}}},"fnMap":{"0":{"name":"(anonymous_0)","decl":{"start":{"line":4,"column":25},"end":{"line":4,"column":26}},"loc":{"start":{"line":8,"column":6},"end":{"line":23,"column":1}},"line":8}},"branchMap":{},"s":{"0":2,"1":0},"f":{"0":0},"b":{},"_coverageSchema":"43e27e138ebf9cfc5966b082cf9a028302ed4184","hash":"5704d3243b761f61277d0573fb892b9b99155b4c"}
,"/Users/pawelgrimm/Projects/pomi/src/components/Inputs/ProjectField.tsx": {"path":"/Users/pawelgrimm/Projects/pomi/src/components/Inputs/ProjectField.tsx","statementMap":{"0":{"start":{"line":4,"column":21},"end":{"line":21,"column":1}},"1":{"start":{"line":9,"column":2},"end":{"line":20,"column":4}}},"fnMap":{"0":{"name":"(anonymous_0)","decl":{"start":{"line":4,"column":21},"end":{"line":4,"column":22}},"loc":{"start":{"line":8,"column":6},"end":{"line":21,"column":1}},"line":8}},"branchMap":{},"s":{"0":2,"1":0},"f":{"0":0},"b":{},"_coverageSchema":"43e27e138ebf9cfc5966b082cf9a028302ed4184","hash":"606af7cac0eb4d0cf9d192975ba5042677ca53f2"}
,"/Users/pawelgrimm/Projects/pomi/src/components/Inputs/index.ts": {"path":"/Users/pawelgrimm/Projects/pomi/src/components/Inputs/index.ts","statementMap":{},"fnMap":{},"branchMap":{},"s":{},"f":{},"b":{},"_coverageSchema":"43e27e138ebf9cfc5966b082cf9a028302ed4184","hash":"c8415cb7e2cd82f277ff85451949f21558e9f016"}
,"/Users/pawelgrimm/Projects/pomi/src/components/Inputs/Input/Input.tsx": {"path":"/Users/pawelgrimm/Projects/pomi/src/components/Inputs/Input/Input.tsx","statementMap":{"0":{"start":{"line":9,"column":36},"end":{"line":26,"column":1}},"1":{"start":{"line":15,"column":2},"end":{"line":25,"column":4}},"2":{"start":{"line":21,"column":25},"end":{"line":21,"column":49}}},"fnMap":{"0":{"name":"(anonymous_0)","decl":{"start":{"line":9,"column":36},"end":{"line":9,"column":37}},"loc":{"start":{"line":14,"column":6},"end":{"line":26,"column":1}},"line":14},"1":{"name":"(anonymous_1)","decl":{"start":{"line":21,"column":18},"end":{"line":21,"column":19}},"loc":{"start":{"line":21,"column":25},"end":{"line":21,"column":49}},"line":21}},"branchMap":{"0":{"loc":{"start":{"line":19,"column":21},"end":{"line":19,"column":53}},"type":"binary-expr","locations":[{"start":{"line":19,"column":21},"end":{"line":19,"column":32}},{"start":{"line":19,"column":36},"end":{"line":19,"column":53}}],"line":19}},"s":{"0":2,"1":0,"2":0},"f":{"0":0,"1":0},"b":{"0":[0,0]},"_coverageSchema":"43e27e138ebf9cfc5966b082cf9a028302ed4184","hash":"5e1b17b9cc21a689ff73f3506c51d7242977bf65"}
,"/Users/pawelgrimm/Projects/pomi/src/components/Inputs/Input/index.ts": {"path":"/Users/pawelgrimm/Projects/pomi/src/components/Inputs/Input/index.ts","statementMap":{},"fnMap":{},"branchMap":{},"s":{},"f":{},"b":{},"_coverageSchema":"43e27e138ebf9cfc5966b082cf9a028302ed4184","hash":"0ccbf64b56cac4a341d402f43378b5bb341892c1"}
,"/Users/pawelgrimm/Projects/pomi/src/components/Inputs/TextArea/TextArea.tsx": {"path":"/Users/pawelgrimm/Projects/pomi/src/components/Inputs/TextArea/TextArea.tsx","statementMap":{"0":{"start":{"line":11,"column":34},"end":{"line":28,"column":1}},"1":{"start":{"line":17,"column":2},"end":{"line":27,"column":4}},"2":{"start":{"line":23,"column":25},"end":{"line":23,"column":49}}},"fnMap":{"0":{"name":"(anonymous_0)","decl":{"start":{"line":11,"column":34},"end":{"line":11,"column":35}},"loc":{"start":{"line":16,"column":6},"end":{"line":28,"column":1}},"line":16},"1":{"name":"(anonymous_1)","decl":{"start":{"line":23,"column":18},"end":{"line":23,"column":19}},"loc":{"start":{"line":23,"column":25},"end":{"line":23,"column":49}},"line":23}},"branchMap":{"0":{"loc":{"start":{"line":21,"column":21},"end":{"line":21,"column":53}},"type":"binary-expr","locations":[{"start":{"line":21,"column":21},"end":{"line":21,"column":32}},{"start":{"line":21,"column":36},"end":{"line":21,"column":53}}],"line":21}},"s":{"0":2,"1":0,"2":0},"f":{"0":0,"1":0},"b":{"0":[0,0]},"_coverageSchema":"43e27e138ebf9cfc5966b082cf9a028302ed4184","hash":"59c83a03cbe122a484880a8378ec7043c391dcd8"}
,"/Users/pawelgrimm/Projects/pomi/src/components/Inputs/TextArea/index.ts": {"path":"/Users/pawelgrimm/Projects/pomi/src/components/Inputs/TextArea/index.ts","statementMap":{},"fnMap":{},"branchMap":{},"s":{},"f":{},"b":{},"_coverageSchema":"43e27e138ebf9cfc5966b082cf9a028302ed4184","hash":"7d3bd212aff7c99ae6f71d142ecff5468c76709b"}
,"/Users/pawelgrimm/Projects/pomi/src/components/Timer/Timer.tsx": {"path":"/Users/pawelgrimm/Projects/pomi/src/components/Timer/Timer.tsx","statementMap":{"0":{"start":{"line":9,"column":18},"end":{"line":9,"column":28}},"1":{"start":{"line":10,"column":21},"end":{"line":10,"column":40}},"2":{"start":{"line":11,"column":16},"end":{"line":11,"column":66}},"3":{"start":{"line":12,"column":24},"end":{"line":14,"column":3}},"4":{"start":{"line":15,"column":2},"end":{"line":15,"column":36}},"5":{"start":{"line":16,"column":2},"end":{"line":16,"column":73}},"6":{"start":{"line":17,"column":2},"end":{"line":17,"column":58}},"7":{"start":{"line":20,"column":14},"end":{"line":80,"column":1}},"8":{"start":{"line":21,"column":39},"end":{"line":21,"column":51}},"9":{"start":{"line":22,"column":26},"end":{"line":22,"column":55}},"10":{"start":{"line":23,"column":42},"end":{"line":23,"column":66}},"11":{"start":{"line":24,"column":33},"end":{"line":24,"column":43}},"12":{"start":{"line":25,"column":40},"end":{"line":25,"column":52}},"13":{"start":{"line":26,"column":32},"end":{"line":26,"column":44}},"14":{"start":{"line":29,"column":2},"end":{"line":34,"column":14}},"15":{"start":{"line":30,"column":4},"end":{"line":32,"column":5}},"16":{"start":{"line":31,"column":6},"end":{"line":31,"column":34}},"17":{"start":{"line":31,"column":24},"end":{"line":31,"column":32}},"18":{"start":{"line":37,"column":2},"end":{"line":43,"column":27}},"19":{"start":{"line":38,"column":4},"end":{"line":42,"column":15}},"20":{"start":{"line":40,"column":32},"end":{"line":40,"column":55}},"21":{"start":{"line":45,"column":27},"end":{"line":58,"column":3}},"22":{"start":{"line":46,"column":4},"end":{"line":57,"column":5}},"23":{"start":{"line":48,"column":6},"end":{"line":48,"column":14}},"24":{"start":{"line":49,"column":6},"end":{"line":49,"column":28}},"25":{"start":{"line":50,"column":6},"end":{"line":50,"column":53}},"26":{"start":{"line":53,"column":6},"end":{"line":53,"column":29}},"27":{"start":{"line":54,"column":6},"end":{"line":54,"column":13}},"28":{"start":{"line":55,"column":6},"end":{"line":55,"column":27}},"29":{"start":{"line":56,"column":6},"end":{"line":56,"column":30}},"30":{"start":{"line":60,"column":2},"end":{"line":79,"column":4}},"31":{"start":{"line":64,"column":25},"end":{"line":64,"column":51}},"32":{"start":{"line":69,"column":25},"end":{"line":69,"column":55}}},"fnMap":{"0":{"name":"saveSession","decl":{"start":{"line":8,"column":9},"end":{"line":8,"column":20}},"loc":{"start":{"line":8,"column":63},"end":{"line":18,"column":1}},"line":8},"1":{"name":"(anonymous_1)","decl":{"start":{"line":20,"column":14},"end":{"line":20,"column":15}},"loc":{"start":{"line":20,"column":45},"end":{"line":80,"column":1}},"line":20},"2":{"name":"(anonymous_2)","decl":{"start":{"line":29,"column":12},"end":{"line":29,"column":13}},"loc":{"start":{"line":29,"column":18},"end":{"line":34,"column":3}},"line":29},"3":{"name":"(anonymous_3)","decl":{"start":{"line":31,"column":14},"end":{"line":31,"column":15}},"loc":{"start":{"line":31,"column":24},"end":{"line":31,"column":32}},"line":31},"4":{"name":"(anonymous_4)","decl":{"start":{"line":37,"column":12},"end":{"line":37,"column":13}},"loc":{"start":{"line":37,"column":18},"end":{"line":43,"column":3}},"line":37},"5":{"name":"(anonymous_5)","decl":{"start":{"line":40,"column":18},"end":{"line":40,"column":19}},"loc":{"start":{"line":40,"column":32},"end":{"line":40,"column":55}},"line":40},"6":{"name":"(anonymous_6)","decl":{"start":{"line":45,"column":27},"end":{"line":45,"column":28}},"loc":{"start":{"line":45,"column":33},"end":{"line":58,"column":3}},"line":45},"7":{"name":"(anonymous_7)","decl":{"start":{"line":64,"column":18},"end":{"line":64,"column":19}},"loc":{"start":{"line":64,"column":25},"end":{"line":64,"column":51}},"line":64},"8":{"name":"(anonymous_8)","decl":{"start":{"line":69,"column":18},"end":{"line":69,"column":19}},"loc":{"start":{"line":69,"column":25},"end":{"line":69,"column":55}},"line":69}},"branchMap":{"0":{"loc":{"start":{"line":13,"column":4},"end":{"line":13,"column":51}},"type":"binary-expr","locations":[{"start":{"line":13,"column":4},"end":{"line":13,"column":43}},{"start":{"line":13,"column":47},"end":{"line":13,"column":51}}],"line":13},"1":{"loc":{"start":{"line":20,"column":17},"end":{"line":20,"column":38}},"type":"default-arg","locations":[{"start":{"line":20,"column":31},"end":{"line":20,"column":38}}],"line":20},"2":{"loc":{"start":{"line":30,"column":4},"end":{"line":32,"column":5}},"type":"if","locations":[{"start":{"line":30,"column":4},"end":{"line":32,"column":5}},{"start":{"line":30,"column":4},"end":{"line":32,"column":5}}],"line":30},"3":{"loc":{"start":{"line":38,"column":21},"end":{"line":42,"column":14}},"type":"cond-expr","locations":[{"start":{"line":39,"column":8},"end":{"line":41,"column":20}},{"start":{"line":42,"column":8},"end":{"line":42,"column":14}}],"line":38},"4":{"loc":{"start":{"line":40,"column":32},"end":{"line":40,"column":55}},"type":"binary-expr","locations":[{"start":{"line":40,"column":32},"end":{"line":40,"column":37}},{"start":{"line":40,"column":41},"end":{"line":40,"column":55}}],"line":40},"5":{"loc":{"start":{"line":46,"column":4},"end":{"line":57,"column":5}},"type":"if","locations":[{"start":{"line":46,"column":4},"end":{"line":57,"column":5}},{"start":{"line":46,"column":4},"end":{"line":57,"column":5}}],"line":46},"6":{"loc":{"start":{"line":75,"column":11},"end":{"line":75,"column":42}},"type":"cond-expr","locations":[{"start":{"line":75,"column":26},"end":{"line":75,"column":32}},{"start":{"line":75,"column":35},"end":{"line":75,"column":42}}],"line":75}},"s":{"0":0,"1":0,"2":0,"3":0,"4":0,"5":0,"6":0,"7":2,"8":2,"9":2,"10":2,"11":2,"12":2,"13":2,"14":2,"15":0,"16":0,"17":0,"18":2,"19":0,"20":0,"21":2,"22":0,"23":0,"24":0,"25":0,"26":0,"27":0,"28":0,"29":0,"30":2,"31":0,"32":0},"f":{"0":0,"1":2,"2":0,"3":0,"4":0,"5":0,"6":0,"7":0,"8":0},"b":{"0":[0,0],"1":[2],"2":[0,0],"3":[0,0],"4":[0,0],"5":[0,0],"6":[0,0]},"_coverageSchema":"43e27e138ebf9cfc5966b082cf9a028302ed4184","hash":"5027e9495f06662bf7e44465c85d51bbc8102bb5"}
,"/Users/pawelgrimm/Projects/pomi/src/components/Timer/index.ts": {"path":"/Users/pawelgrimm/Projects/pomi/src/components/Timer/index.ts","statementMap":{},"fnMap":{},"branchMap":{},"s":{},"f":{},"b":{},"_coverageSchema":"43e27e138ebf9cfc5966b082cf9a028302ed4184","hash":"3b49a4e7095ed34d78ecde75201ec4ff633bb805"}
,"/Users/pawelgrimm/Projects/pomi/src/components/TimerDisplay/TimerDisplay.tsx": {"path":"/Users/pawelgrimm/Projects/pomi/src/components/TimerDisplay/TimerDisplay.tsx","statementMap":{"0":{"start":{"line":13,"column":18},"end":{"line":23,"column":2}},"1":{"start":{"line":25,"column":18},"end":{"line":39,"column":1}},"2":{"start":{"line":26,"column":18},"end":{"line":26,"column":29}},"3":{"start":{"line":28,"column":2},"end":{"line":38,"column":4}},"4":{"start":{"line":41,"column":38},"end":{"line":67,"column":1}},"5":{"start":{"line":46,"column":21},"end":{"line":46,"column":40}},"6":{"start":{"line":47,"column":44},"end":{"line":47,"column":74}},"7":{"start":{"line":49,"column":2},"end":{"line":51,"column":19}},"8":{"start":{"line":50,"column":4},"end":{"line":50,"column":43}},"9":{"start":{"line":53,"column":2},"end":{"line":55,"column":3}},"10":{"start":{"line":54,"column":4},"end":{"line":54,"column":56}},"11":{"start":{"line":56,"column":2},"end":{"line":66,"column":4}},"12":{"start":{"line":60,"column":23},"end":{"line":60,"column":78}},"13":{"start":{"line":60,"column":55},"end":{"line":60,"column":77}},"14":{"start":{"line":61,"column":8},"end":{"line":61,"column":63}}},"fnMap":{"0":{"name":"(anonymous_0)","decl":{"start":{"line":25,"column":18},"end":{"line":25,"column":19}},"loc":{"start":{"line":25,"column":35},"end":{"line":39,"column":1}},"line":25},"1":{"name":"(anonymous_1)","decl":{"start":{"line":41,"column":38},"end":{"line":41,"column":39}},"loc":{"start":{"line":45,"column":6},"end":{"line":67,"column":1}},"line":45},"2":{"name":"(anonymous_2)","decl":{"start":{"line":49,"column":12},"end":{"line":49,"column":13}},"loc":{"start":{"line":49,"column":18},"end":{"line":51,"column":3}},"line":49},"3":{"name":"(anonymous_3)","decl":{"start":{"line":59,"column":16},"end":{"line":59,"column":17}},"loc":{"start":{"line":59,"column":30},"end":{"line":62,"column":7}},"line":59},"4":{"name":"(anonymous_4)","decl":{"start":{"line":60,"column":44},"end":{"line":60,"column":45}},"loc":{"start":{"line":60,"column":55},"end":{"line":60,"column":77}},"line":60}},"branchMap":{"0":{"loc":{"start":{"line":44,"column":2},"end":{"line":44,"column":22}},"type":"default-arg","locations":[{"start":{"line":44,"column":17},"end":{"line":44,"column":22}}],"line":44},"1":{"loc":{"start":{"line":53,"column":2},"end":{"line":55,"column":3}},"type":"if","locations":[{"start":{"line":53,"column":2},"end":{"line":55,"column":3}},{"start":{"line":53,"column":2},"end":{"line":55,"column":3}}],"line":53}},"s":{"0":3,"1":3,"2":0,"3":0,"4":3,"5":4,"6":4,"7":4,"8":0,"9":4,"10":2,"11":2,"12":0,"13":0,"14":0},"f":{"0":0,"1":4,"2":0,"3":0,"4":0},"b":{"0":[0],"1":[2,2]},"_coverageSchema":"43e27e138ebf9cfc5966b082cf9a028302ed4184","hash":"f1e96b2b3561831a742fe73719945f62a9a8ee1a"}
,"/Users/pawelgrimm/Projects/pomi/src/components/TimerDisplay/index.ts": {"path":"/Users/pawelgrimm/Projects/pomi/src/components/TimerDisplay/index.ts","statementMap":{},"fnMap":{},"branchMap":{},"s":{},"f":{},"b":{},"_coverageSchema":"43e27e138ebf9cfc5966b082cf9a028302ed4184","hash":"eae456c301694a2011b6cccfbb5988b4e7eb3daa"}
,"/Users/pawelgrimm/Projects/pomi/src/hooks/index.ts": {"path":"/Users/pawelgrimm/Projects/pomi/src/hooks/index.ts","statementMap":{},"fnMap":{},"branchMap":{},"s":{},"f":{},"b":{},"_coverageSchema":"43e27e138ebf9cfc5966b082cf9a028302ed4184","hash":"bdb019a6c112303949a42a8c2c18c4150d48d1a9"}
,"/Users/pawelgrimm/Projects/pomi/src/hooks/useClock/Clock.ts": {"path":"/Users/pawelgrimm/Projects/pomi/src/hooks/useClock/Clock.ts","statementMap":{"0":{"start":{"line":11,"column":4},"end":{"line":11,"column":29}},"1":{"start":{"line":12,"column":4},"end":{"line":12,"column":22}},"2":{"start":{"line":13,"column":4},"end":{"line":13,"column":19}},"3":{"start":{"line":14,"column":4},"end":{"line":14,"column":23}},"4":{"start":{"line":18,"column":4},"end":{"line":18,"column":29}},"5":{"start":{"line":19,"column":4},"end":{"line":19,"column":39}},"6":{"start":{"line":20,"column":4},"end":{"line":20,"column":19}},"7":{"start":{"line":21,"column":4},"end":{"line":21,"column":67}},"8":{"start":{"line":25,"column":4},"end":{"line":25,"column":20}},"9":{"start":{"line":26,"column":4},"end":{"line":26,"column":17}},"10":{"start":{"line":28,"column":24},"end":{"line":28,"column":41}},"11":{"start":{"line":29,"column":29},"end":{"line":29,"column":55}},"12":{"start":{"line":30,"column":18},"end":{"line":30,"column":65}},"13":{"start":{"line":32,"column":4},"end":{"line":32,"column":75}},"14":{"start":{"line":36,"column":4},"end":{"line":38,"column":5}},"15":{"start":{"line":37,"column":6},"end":{"line":37,"column":33}}},"fnMap":{"0":{"name":"(anonymous_0)","decl":{"start":{"line":10,"column":2},"end":{"line":10,"column":3}},"loc":{"start":{"line":10,"column":36},"end":{"line":15,"column":3}},"line":10},"1":{"name":"(anonymous_1)","decl":{"start":{"line":17,"column":2},"end":{"line":17,"column":3}},"loc":{"start":{"line":17,"column":26},"end":{"line":22,"column":3}},"line":17},"2":{"name":"(anonymous_2)","decl":{"start":{"line":24,"column":2},"end":{"line":24,"column":3}},"loc":{"start":{"line":24,"column":9},"end":{"line":33,"column":3}},"line":24},"3":{"name":"(anonymous_3)","decl":{"start":{"line":35,"column":2},"end":{"line":35,"column":3}},"loc":{"start":{"line":35,"column":9},"end":{"line":39,"column":3}},"line":35}},"branchMap":{"0":{"loc":{"start":{"line":36,"column":4},"end":{"line":38,"column":5}},"type":"if","locations":[{"start":{"line":36,"column":4},"end":{"line":38,"column":5}},{"start":{"line":36,"column":4},"end":{"line":38,"column":5}}],"line":36}},"s":{"0":3,"1":3,"2":3,"3":3,"4":2,"5":2,"6":2,"7":2,"8":3,"9":3,"10":3,"11":3,"12":3,"13":3,"14":3,"15":2},"f":{"0":3,"1":2,"2":3,"3":3},"b":{"0":[2,1]},"_coverageSchema":"43e27e138ebf9cfc5966b082cf9a028302ed4184","hash":"b7a232cdb803cda45253f9fb715d91eb28dbcd34"}
,"/Users/pawelgrimm/Projects/pomi/src/hooks/useClock/actions.ts": {"path":"/Users/pawelgrimm/Projects/pomi/src/hooks/useClock/actions.ts","statementMap":{"0":{"start":{"line":3,"column":19},"end":{"line":3,"column":64}},"1":{"start":{"line":5,"column":18},"end":{"line":5,"column":54}},"2":{"start":{"line":7,"column":17},"end":{"line":7,"column":53}}},"fnMap":{},"branchMap":{},"s":{"0":4,"1":4,"2":4},"f":{},"b":{},"_coverageSchema":"43e27e138ebf9cfc5966b082cf9a028302ed4184","hash":"03dbf595fce15694a815010d2495272b49bbb30e"}
,"/Users/pawelgrimm/Projects/pomi/src/hooks/useClock/clockWorker-script.ts": {"path":"/Users/pawelgrimm/Projects/pomi/src/hooks/useClock/clockWorker-script.ts","statementMap":{"0":{"start":{"line":8,"column":27},"end":{"line":8,"column":38}},"1":{"start":{"line":10,"column":14},"end":{"line":10,"column":57}},"2":{"start":{"line":13,"column":0},"end":{"line":13,"column":63}}},"fnMap":{},"branchMap":{},"s":{"0":0,"1":0,"2":0},"f":{},"b":{},"hash":"bea288ce2de4eec2d9589907c97f6ff81e3f5929"}
,"/Users/pawelgrimm/Projects/pomi/src/hooks/useClock/clockWorker.ts": {"path":"/Users/pawelgrimm/Projects/pomi/src/hooks/useClock/clockWorker.ts","statementMap":{"0":{"start":{"line":8,"column":26},"end":{"line":8,"column":57}},"1":{"start":{"line":8,"column":32},"end":{"line":8,"column":57}},"2":{"start":{"line":15,"column":33},"end":{"line":24,"column":1}},"3":{"start":{"line":19,"column":19},"end":{"line":19,"column":65}},"4":{"start":{"line":19,"column":51},"end":{"line":19,"column":65}},"5":{"start":{"line":20,"column":2},"end":{"line":20,"column":47}},"6":{"start":{"line":21,"column":2},"end":{"line":23,"column":4}},"7":{"start":{"line":22,"column":4},"end":{"line":22,"column":52}}},"fnMap":{"0":{"name":"(anonymous_0)","decl":{"start":{"line":8,"column":26},"end":{"line":8,"column":27}},"loc":{"start":{"line":8,"column":32},"end":{"line":8,"column":57}},"line":8},"1":{"name":"(anonymous_1)","decl":{"start":{"line":15,"column":33},"end":{"line":15,"column":34}},"loc":{"start":{"line":18,"column":19},"end":{"line":24,"column":1}},"line":18},"2":{"name":"(anonymous_2)","decl":{"start":{"line":19,"column":19},"end":{"line":19,"column":20}},"loc":{"start":{"line":19,"column":51},"end":{"line":19,"column":65}},"line":19},"3":{"name":"(anonymous_3)","decl":{"start":{"line":21,"column":9},"end":{"line":21,"column":10}},"loc":{"start":{"line":21,"column":15},"end":{"line":23,"column":3}},"line":21}},"branchMap":{},"s":{"0":3,"1":2,"2":3,"3":1,"4":1,"5":1,"6":1,"7":1},"f":{"0":2,"1":1,"2":1,"3":1},"b":{},"_coverageSchema":"43e27e138ebf9cfc5966b082cf9a028302ed4184","hash":"4f9bb5bdbdc4630b6024e4f6ca100c60bcb65a7e"}
,"/Users/pawelgrimm/Projects/pomi/src/hooks/useClock/clockWorkerFunctions.ts": {"path":"/Users/pawelgrimm/Projects/pomi/src/hooks/useClock/clockWorkerFunctions.ts","statementMap":{"0":{"start":{"line":16,"column":2},"end":{"line":16,"column":31}},"1":{"start":{"line":23,"column":31},"end":{"line":34,"column":1}},"2":{"start":{"line":24,"column":2},"end":{"line":33,"column":4}},"3":{"start":{"line":25,"column":4},"end":{"line":32,"column":5}},"4":{"start":{"line":27,"column":8},"end":{"line":27,"column":36}},"5":{"start":{"line":28,"column":8},"end":{"line":28,"column":14}},"6":{"start":{"line":30,"column":8},"end":{"line":30,"column":21}},"7":{"start":{"line":31,"column":8},"end":{"line":31,"column":14}}},"fnMap":{"0":{"name":"postCurrentTime","decl":{"start":{"line":15,"column":16},"end":{"line":15,"column":31}},"loc":{"start":{"line":15,"column":60},"end":{"line":17,"column":1}},"line":15},"1":{"name":"(anonymous_1)","decl":{"start":{"line":23,"column":31},"end":{"line":23,"column":32}},"loc":{"start":{"line":23,"column":49},"end":{"line":34,"column":1}},"line":23},"2":{"name":"(anonymous_2)","decl":{"start":{"line":24,"column":9},"end":{"line":24,"column":10}},"loc":{"start":{"line":24,"column":49},"end":{"line":33,"column":3}},"line":24}},"branchMap":{"0":{"loc":{"start":{"line":25,"column":4},"end":{"line":32,"column":5}},"type":"switch","locations":[{"start":{"line":26,"column":6},"end":{"line":28,"column":14}},{"start":{"line":29,"column":6},"end":{"line":31,"column":14}}],"line":25}},"s":{"0":1,"1":1,"2":2,"3":2,"4":1,"5":1,"6":1,"7":1},"f":{"0":1,"1":2,"2":2},"b":{"0":[1,1]},"_coverageSchema":"43e27e138ebf9cfc5966b082cf9a028302ed4184","hash":"bf5f9aa8c95c8522eee1e9cde78bc0beabf9ec23"}
,"/Users/pawelgrimm/Projects/pomi/src/hooks/useClock/index.ts": {"path":"/Users/pawelgrimm/Projects/pomi/src/hooks/useClock/index.ts","statementMap":{},"fnMap":{},"branchMap":{},"s":{},"f":{},"b":{},"hash":"fcbc3634e0b214a8f891c64abea3377bfc391216"}
,"/Users/pawelgrimm/Projects/pomi/src/hooks/useClock/useClock.ts": {"path":"/Users/pawelgrimm/Projects/pomi/src/hooks/useClock/useClock.ts","statementMap":{"0":{"start":{"line":5,"column":29},"end":{"line":5,"column":48}},"1":{"start":{"line":7,"column":17},"end":{"line":19,"column":1}},"2":{"start":{"line":8,"column":16},"end":{"line":8,"column":77}},"3":{"start":{"line":8,"column":34},"end":{"line":8,"column":64}},"4":{"start":{"line":9,"column":15},"end":{"line":9,"column":59}},"5":{"start":{"line":9,"column":33},"end":{"line":9,"column":54}},"6":{"start":{"line":10,"column":28},"end":{"line":10,"column":39}},"7":{"start":{"line":12,"column":2},"end":{"line":16,"column":9}},"8":{"start":{"line":13,"column":4},"end":{"line":15,"column":7}},"9":{"start":{"line":14,"column":6},"end":{"line":14,"column":63}},"10":{"start":{"line":14,"column":25},"end":{"line":14,"column":61}},"11":{"start":{"line":18,"column":2},"end":{"line":18,"column":32}}},"fnMap":{"0":{"name":"(anonymous_0)","decl":{"start":{"line":7,"column":17},"end":{"line":7,"column":18}},"loc":{"start":{"line":7,"column":46},"end":{"line":19,"column":1}},"line":7},"1":{"name":"(anonymous_1)","decl":{"start":{"line":8,"column":28},"end":{"line":8,"column":29}},"loc":{"start":{"line":8,"column":34},"end":{"line":8,"column":64}},"line":8},"2":{"name":"(anonymous_2)","decl":{"start":{"line":9,"column":27},"end":{"line":9,"column":28}},"loc":{"start":{"line":9,"column":33},"end":{"line":9,"column":54}},"line":9},"3":{"name":"(anonymous_3)","decl":{"start":{"line":12,"column":12},"end":{"line":12,"column":13}},"loc":{"start":{"line":12,"column":18},"end":{"line":16,"column":3}},"line":12},"4":{"name":"(anonymous_4)","decl":{"start":{"line":13,"column":37},"end":{"line":13,"column":38}},"loc":{"start":{"line":13,"column":43},"end":{"line":15,"column":5}},"line":13},"5":{"name":"(anonymous_5)","decl":{"start":{"line":14,"column":15},"end":{"line":14,"column":16}},"loc":{"start":{"line":14,"column":25},"end":{"line":14,"column":61}},"line":14}},"branchMap":{"0":{"loc":{"start":{"line":7,"column":18},"end":{"line":7,"column":41}},"type":"default-arg","locations":[{"start":{"line":7,"column":37},"end":{"line":7,"column":41}}],"line":7}},"s":{"0":3,"1":3,"2":9,"3":3,"4":9,"5":1,"6":9,"7":9,"8":4,"9":3,"10":3,"11":9},"f":{"0":9,"1":3,"2":1,"3":4,"4":3,"5":3},"b":{"0":[6]},"_coverageSchema":"43e27e138ebf9cfc5966b082cf9a028302ed4184","hash":"3adc1ce1b3ec26134c8f4827010f062380552d9c"}
,"/Users/pawelgrimm/Projects/pomi/src/hooks/useClock/workerKit/workerKit.ts": {"path":"/Users/pawelgrimm/Projects/pomi/src/hooks/useClock/workerKit/workerKit.ts","statementMap":{"0":{"start":{"line":15,"column":23},"end":{"line":19,"column":1}},"1":{"start":{"line":16,"column":2},"end":{"line":18,"column":4}},"2":{"start":{"line":17,"column":4},"end":{"line":17,"column":31}},"3":{"start":{"line":26,"column":21},"end":{"line":30,"column":1}},"4":{"start":{"line":27,"column":17},"end":{"line":27,"column":27}},"5":{"start":{"line":28,"column":19},"end":{"line":28,"column":41}},"6":{"start":{"line":29,"column":2},"end":{"line":29,"column":30}}},"fnMap":{"0":{"name":"(anonymous_0)","decl":{"start":{"line":15,"column":23},"end":{"line":15,"column":24}},"loc":{"start":{"line":15,"column":43},"end":{"line":19,"column":1}},"line":15},"1":{"name":"(anonymous_1)","decl":{"start":{"line":16,"column":9},"end":{"line":16,"column":10}},"loc":{"start":{"line":16,"column":29},"end":{"line":18,"column":3}},"line":16},"2":{"name":"(anonymous_2)","decl":{"start":{"line":26,"column":21},"end":{"line":26,"column":22}},"loc":{"start":{"line":26,"column":62},"end":{"line":30,"column":1}},"line":26}},"branchMap":{},"s":{"0":5,"1":2,"2":0,"3":5,"4":2,"5":2,"6":2},"f":{"0":2,"1":0,"2":2},"b":{},"_coverageSchema":"43e27e138ebf9cfc5966b082cf9a028302ed4184","hash":"ba3db80bacdc07fdcf9c53e2136d9a799902a1bb"}
,"/Users/pawelgrimm/Projects/pomi/src/hooks/useSession/useSession.tsx": {"path":"/Users/pawelgrimm/Projects/pomi/src/hooks/useSession/useSession.tsx","statementMap":{"0":{"start":{"line":5,"column":19},"end":{"line":33,"column":1}},"1":{"start":{"line":6,"column":36},"end":{"line":6,"column":47}},"2":{"start":{"line":7,"column":40},"end":{"line":7,"column":52}},"3":{"start":{"line":8,"column":32},"end":{"line":8,"column":44}},"4":{"start":{"line":10,"column":23},"end":{"line":17,"column":3}},"5":{"start":{"line":12,"column":6},"end":{"line":12,"column":32}},"6":{"start":{"line":13,"column":6},"end":{"line":13,"column":26}},"7":{"start":{"line":14,"column":6},"end":{"line":14,"column":34}},"8":{"start":{"line":19,"column":21},"end":{"line":30,"column":3}},"9":{"start":{"line":21,"column":6},"end":{"line":27,"column":8}},"10":{"start":{"line":32,"column":2},"end":{"line":32,"column":50}}},"fnMap":{"0":{"name":"(anonymous_0)","decl":{"start":{"line":5,"column":19},"end":{"line":5,"column":20}},"loc":{"start":{"line":5,"column":25},"end":{"line":33,"column":1}},"line":5},"1":{"name":"(anonymous_1)","decl":{"start":{"line":11,"column":4},"end":{"line":11,"column":5}},"loc":{"start":{"line":11,"column":77},"end":{"line":15,"column":5}},"line":11},"2":{"name":"(anonymous_2)","decl":{"start":{"line":20,"column":4},"end":{"line":20,"column":5}},"loc":{"start":{"line":20,"column":34},"end":{"line":28,"column":5}},"line":20}},"branchMap":{"0":{"loc":{"start":{"line":11,"column":26},"end":{"line":11,"column":46}},"type":"default-arg","locations":[{"start":{"line":11,"column":44},"end":{"line":11,"column":46}}],"line":11},"1":{"loc":{"start":{"line":11,"column":48},"end":{"line":11,"column":72}},"type":"default-arg","locations":[{"start":{"line":11,"column":70},"end":{"line":11,"column":72}}],"line":11}},"s":{"0":2,"1":2,"2":2,"3":2,"4":2,"5":0,"6":0,"7":0,"8":2,"9":0,"10":2},"f":{"0":2,"1":0,"2":0},"b":{"0":[0],"1":[0]},"_coverageSchema":"43e27e138ebf9cfc5966b082cf9a028302ed4184","hash":"17b9bd761a36d0f5107d7455c7c1a0326d97b89e"}
,"/Users/pawelgrimm/Projects/pomi/src/models/index.tsx": {"path":"/Users/pawelgrimm/Projects/pomi/src/models/index.tsx","statementMap":{},"fnMap":{},"branchMap":{},"s":{},"f":{},"b":{},"hash":"0be40e346b362a74198cc89744d706c9da1ce295"}
,"/Users/pawelgrimm/Projects/pomi/src/models/session.tsx": {"path":"/Users/pawelgrimm/Projects/pomi/src/models/session.tsx","statementMap":{},"fnMap":{},"branchMap":{},"s":{},"f":{},"b":{},"hash":"96d88d41cb0f019b2eddb05c1644fac221762950"}
,"/Users/pawelgrimm/Projects/pomi/src/playground/reformatTimelog.js": {"path":"/Users/pawelgrimm/Projects/pomi/src/playground/reformatTimelog.js","statementMap":{"0":{"start":{"line":1,"column":25},"end":{"line":1,"column":38}},"1":{"start":{"line":2,"column":26},"end":{"line":2,"column":45}},"2":{"start":{"line":4,"column":19},"end":{"line":6,"column":1}},"3":{"start":{"line":5,"column":2},"end":{"line":5,"column":73}},"4":{"start":{"line":8,"column":13},"end":{"line":38,"column":1}},"5":{"start":{"line":9,"column":22},"end":{"line":9,"column":24}},"6":{"start":{"line":10,"column":15},"end":{"line":13,"column":3}},"7":{"start":{"line":14,"column":22},"end":{"line":14,"column":38}},"8":{"start":{"line":15,"column":2},"end":{"line":31,"column":5}},"9":{"start":{"line":16,"column":4},"end":{"line":30,"column":7}},"10":{"start":{"line":17,"column":17},"end":{"line":21,"column":17}},"11":{"start":{"line":22,"column":22},"end":{"line":28,"column":7}},"12":{"start":{"line":29,"column":6},"end":{"line":29,"column":32}},"13":{"start":{"line":33,"column":2},"end":{"line":37,"column":4}},"14":{"start":{"line":40,"column":0},"end":{"line":40,"column":7}}},"fnMap":{"0":{"name":"(anonymous_0)","decl":{"start":{"line":4,"column":19},"end":{"line":4,"column":20}},"loc":{"start":{"line":4,"column":29},"end":{"line":6,"column":1}},"line":4},"1":{"name":"(anonymous_1)","decl":{"start":{"line":8,"column":13},"end":{"line":8,"column":14}},"loc":{"start":{"line":8,"column":25},"end":{"line":38,"column":1}},"line":8},"2":{"name":"(anonymous_2)","decl":{"start":{"line":15,"column":18},"end":{"line":15,"column":19}},"loc":{"start":{"line":15,"column":41},"end":{"line":31,"column":3}},"line":15},"3":{"name":"(anonymous_3)","decl":{"start":{"line":16,"column":20},"end":{"line":16,"column":21}},"loc":{"start":{"line":16,"column":31},"end":{"line":30,"column":5}},"line":16}},"branchMap":{},"s":{"0":0,"1":0,"2":0,"3":0,"4":0,"5":0,"6":0,"7":0,"8":0,"9":0,"10":0,"11":0,"12":0,"13":0,"14":0},"f":{"0":0,"1":0,"2":0,"3":0},"b":{},"hash":"fe6c9c993f8b7b21ca50d97077c85048c773d102"}
,"/Users/pawelgrimm/Projects/pomi/src/playground/test-worker.ts": {"path":"/Users/pawelgrimm/Projects/pomi/src/playground/test-worker.ts","statementMap":{"0":{"start":{"line":3,"column":0},"end":{"line":3,"column":38}},"1":{"start":{"line":7,"column":22},"end":{"line":16,"column":1}},"2":{"start":{"line":8,"column":16},"end":{"line":8,"column":17}},"3":{"start":{"line":9,"column":2},"end":{"line":11,"column":3}},"4":{"start":{"line":10,"column":4},"end":{"line":10,"column":35}},"5":{"start":{"line":12,"column":2},"end":{"line":15,"column":14}},"6":{"start":{"line":13,"column":4},"end":{"line":13,"column":75}},"7":{"start":{"line":14,"column":4},"end":{"line":14,"column":24}},"8":{"start":{"line":18,"column":0},"end":{"line":18,"column":20}},"9":{"start":{"line":21,"column":0},"end":{"line":24,"column":3}},"10":{"start":{"line":22,"column":2},"end":{"line":22,"column":55}},"11":{"start":{"line":23,"column":2},"end":{"line":23,"column":30}}},"fnMap":{"0":{"name":"(anonymous_0)","decl":{"start":{"line":7,"column":22},"end":{"line":7,"column":23}},"loc":{"start":{"line":7,"column":49},"end":{"line":16,"column":1}},"line":7},"1":{"name":"(anonymous_1)","decl":{"start":{"line":12,"column":32},"end":{"line":12,"column":33}},"loc":{"start":{"line":12,"column":38},"end":{"line":15,"column":3}},"line":12},"2":{"name":"(anonymous_2)","decl":{"start":{"line":21,"column":28},"end":{"line":21,"column":29}},"loc":{"start":{"line":21,"column":55},"end":{"line":24,"column":1}},"line":21}},"branchMap":{"0":{"loc":{"start":{"line":9,"column":2},"end":{"line":11,"column":3}},"type":"if","locations":[{"start":{"line":9,"column":2},"end":{"line":11,"column":3}},{"start":{"line":9,"column":2},"end":{"line":11,"column":3}}],"line":9}},"s":{"0":0,"1":0,"2":0,"3":0,"4":0,"5":0,"6":0,"7":0,"8":0,"9":0,"10":0,"11":0},"f":{"0":0,"1":0,"2":0},"b":{"0":[0,0]},"hash":"117a55f8d85974ba25262bd2a60436c9476aa2aa"}
,"/Users/pawelgrimm/Projects/pomi/src/playground/worker-test.ts": {"path":"/Users/pawelgrimm/Projects/pomi/src/playground/worker-test.ts","statementMap":{"0":{"start":{"line":4,"column":13},"end":{"line":18,"column":1}},"1":{"start":{"line":5,"column":19},"end":{"line":5,"column":41}},"2":{"start":{"line":6,"column":2},"end":{"line":8,"column":5}},"3":{"start":{"line":7,"column":4},"end":{"line":7,"column":55}},"4":{"start":{"line":10,"column":2},"end":{"line":13,"column":11}},"5":{"start":{"line":11,"column":4},"end":{"line":11,"column":35}},"6":{"start":{"line":12,"column":4},"end":{"line":12,"column":32}},"7":{"start":{"line":14,"column":2},"end":{"line":17,"column":12}},"8":{"start":{"line":15,"column":4},"end":{"line":15,"column":34}},"9":{"start":{"line":16,"column":4},"end":{"line":16,"column":25}}},"fnMap":{"0":{"name":"(anonymous_0)","decl":{"start":{"line":4,"column":13},"end":{"line":4,"column":14}},"loc":{"start":{"line":4,"column":19},"end":{"line":18,"column":1}},"line":4},"1":{"name":"(anonymous_1)","decl":{"start":{"line":6,"column":39},"end":{"line":6,"column":40}},"loc":{"start":{"line":6,"column":53},"end":{"line":8,"column":3}},"line":6},"2":{"name":"(anonymous_2)","decl":{"start":{"line":10,"column":13},"end":{"line":10,"column":14}},"loc":{"start":{"line":10,"column":19},"end":{"line":13,"column":3}},"line":10},"3":{"name":"(anonymous_3)","decl":{"start":{"line":14,"column":13},"end":{"line":14,"column":14}},"loc":{"start":{"line":14,"column":19},"end":{"line":17,"column":3}},"line":14}},"branchMap":{},"s":{"0":0,"1":0,"2":0,"3":0,"4":0,"5":0,"6":0,"7":0,"8":0,"9":0},"f":{"0":0,"1":0,"2":0,"3":0},"b":{},"hash":"7b91fd168c088b43cf12e4ab7e3bd1dd4342dd34"}
,"/Users/pawelgrimm/Projects/pomi/src/playground/comlink/Timer.tsx": {"path":"/Users/pawelgrimm/Projects/pomi/src/playground/comlink/Timer.tsx","statementMap":{},"fnMap":{},"branchMap":{},"s":{},"f":{},"b":{},"hash":"44bb00044066b8fd632fa87927f149621a8e2054"}
,"/Users/pawelgrimm/Projects/pomi/src/playground/comlink/index.tsx": {"path":"/Users/pawelgrimm/Projects/pomi/src/playground/comlink/index.tsx","statementMap":{},"fnMap":{},"branchMap":{},"s":{},"f":{},"b":{},"hash":"10974701933f9a5f28cd003e9525e925cbe5380d"}
,"/Users/pawelgrimm/Projects/pomi/src/playground/comlink/worker.ts": {"path":"/Users/pawelgrimm/Projects/pomi/src/playground/comlink/worker.ts","statementMap":{},"fnMap":{},"branchMap":{},"s":{},"f":{},"b":{},"hash":"4152d46e7cc2fa844af89a46d87a534edb46877c"}
,"/Users/pawelgrimm/Projects/pomi/src/styles/theme.ts": {"path":"/Users/pawelgrimm/Projects/pomi/src/styles/theme.ts","statementMap":{"0":{"start":{"line":3,"column":14},"end":{"line":57,"column":2}}},"fnMap":{},"branchMap":{},"s":{"0":2},"f":{},"b":{},"_coverageSchema":"43e27e138ebf9cfc5966b082cf9a028302ed4184","hash":"d455f9a5ba07900a060bfd6266c096119f83264e"}
,"/Users/pawelgrimm/Projects/pomi/src/utils/index.tsx": {"path":"/Users/pawelgrimm/Projects/pomi/src/utils/index.tsx","statementMap":{},"fnMap":{},"branchMap":{},"s":{},"f":{},"b":{},"_coverageSchema":"43e27e138ebf9cfc5966b082cf9a028302ed4184","hash":"818d644f1f69b321250b3b0097cc7bcf801bf845"}
,"/Users/pawelgrimm/Projects/pomi/src/utils/time.tsx": {"path":"/Users/pawelgrimm/Projects/pomi/src/utils/time.tsx","statementMap":{"0":{"start":{"line":12,"column":22},"end":{"line":25,"column":1}},"1":{"start":{"line":13,"column":20},"end":{"line":15,"column":21}},"2":{"start":{"line":16,"column":2},"end":{"line":16,"column":18}},"3":{"start":{"line":17,"column":22},"end":{"line":19,"column":21}},"4":{"start":{"line":20,"column":22},"end":{"line":22,"column":21}},"5":{"start":{"line":24,"column":2},"end":{"line":24,"column":47}},"6":{"start":{"line":33,"column":20},"end":{"line":43,"column":1}},"7":{"start":{"line":34,"column":19},"end":{"line":38,"column":13}},"8":{"start":{"line":39,"column":2},"end":{"line":41,"column":3}},"9":{"start":{"line":40,"column":4},"end":{"line":40,"column":69}},"10":{"start":{"line":42,"column":2},"end":{"line":42,"column":18}}},"fnMap":{"0":{"name":"(anonymous_0)","decl":{"start":{"line":12,"column":22},"end":{"line":12,"column":23}},"loc":{"start":{"line":12,"column":69},"end":{"line":25,"column":1}},"line":12},"1":{"name":"(anonymous_1)","decl":{"start":{"line":33,"column":20},"end":{"line":33,"column":21}},"loc":{"start":{"line":33,"column":60},"end":{"line":43,"column":1}},"line":33}},"branchMap":{"0":{"loc":{"start":{"line":39,"column":2},"end":{"line":41,"column":3}},"type":"if","locations":[{"start":{"line":39,"column":2},"end":{"line":41,"column":3}},{"start":{"line":39,"column":2},"end":{"line":41,"column":3}}],"line":39}},"s":{"0":3,"1":4,"2":4,"3":4,"4":4,"5":4,"6":3,"7":0,"8":0,"9":0,"10":0},"f":{"0":4,"1":0},"b":{"0":[0,0]},"_coverageSchema":"43e27e138ebf9cfc5966b082cf9a028302ed4184","hash":"f0356481f551a5453f534f0d2f8f0d520a0e1671"}
}
