TN:
SF:/Users/pawelgrimm/Project/pomi/src/index.ts
FNF:0
FNH:0
DA:9,0
DA:21,0
LF:2
LH:0
BRF:0
BRH:0
end_of_record
TN:
SF:/Users/pawelgrimm/Project/pomi/src/serviceWorker.ts
FN:28,register
FN:39,(anonymous_1)
FN:48,(anonymous_2)
FN:62,registerValidSW
FN:65,(anonymous_4)
FN:66,(anonymous_5)
FN:71,(anonymous_6)
FN:101,(anonymous_7)
FN:106,checkValidServiceWorker
FN:111,(anonymous_9)
FN:119,(anonymous_10)
FN:120,(anonymous_11)
FN:129,(anonymous_12)
FN:136,unregister
FN:139,(anonymous_14)
FN:142,(anonymous_15)
FNF:16
FNH:0
FNDA:0,register
FNDA:0,(anonymous_1)
FNDA:0,(anonymous_2)
FNDA:0,registerValidSW
FNDA:0,(anonymous_4)
FNDA:0,(anonymous_5)
FNDA:0,(anonymous_6)
FNDA:0,(anonymous_7)
FNDA:0,checkValidServiceWorker
FNDA:0,(anonymous_9)
FNDA:0,(anonymous_10)
FNDA:0,(anonymous_11)
FNDA:0,(anonymous_12)
FNDA:0,unregister
FNDA:0,(anonymous_14)
FNDA:0,(anonymous_15)
DA:13,0
DA:29,0
DA:31,0
DA:32,0
DA:36,0
DA:39,0
DA:40,0
DA:42,0
DA:44,0
DA:48,0
DA:49,0
DA:56,0
DA:63,0
DA:66,0
DA:67,0
DA:68,0
DA:69,0
DA:71,0
DA:72,0
DA:73,0
DA:77,0
DA:83,0
DA:84,0
DA:90,0
DA:93,0
DA:94,0
DA:102,0
DA:108,0
DA:113,0
DA:114,0
DA:119,0
DA:120,0
DA:121,0
DA:126,0
DA:130,0
DA:137,0
DA:138,0
DA:140,0
DA:143,0
LF:39
LH:0
BRDA:14,0,0,0
BRDA:14,0,1,0
BRDA:14,0,2,0
BRDA:29,1,0,0
BRDA:29,1,1,0
BRDA:29,2,0,0
BRDA:29,2,1,0
BRDA:32,3,0,0
BRDA:32,3,1,0
BRDA:42,4,0,0
BRDA:42,4,1,0
BRDA:68,5,0,0
BRDA:68,5,1,0
BRDA:72,6,0,0
BRDA:72,6,1,0
BRDA:73,7,0,0
BRDA:73,7,1,0
BRDA:83,8,0,0
BRDA:83,8,1,0
BRDA:83,9,0,0
BRDA:83,9,1,0
BRDA:93,10,0,0
BRDA:93,10,1,0
BRDA:93,11,0,0
BRDA:93,11,1,0
BRDA:114,12,0,0
BRDA:114,12,1,0
BRDA:115,13,0,0
BRDA:115,13,1,0
BRDA:115,13,2,0
BRDA:137,14,0,0
BRDA:137,14,1,0
BRF:32
BRH:0
end_of_record
TN:
SF:/Users/pawelgrimm/Project/pomi/src/app/store.ts
FNF:0
FNH:0
DA:4,0
LF:1
LH:0
BRF:0
BRH:0
end_of_record
TN:
SF:/Users/pawelgrimm/Project/pomi/src/components/index.ts
FNF:0
FNH:0
LF:0
LH:0
BRF:0
BRH:0
end_of_record
TN:
SF:/Users/pawelgrimm/Project/pomi/src/components/App/App.tsx
FN:8,(anonymous_0)
FNF:1
FNH:1
FNDA:2,(anonymous_0)
DA:8,2
DA:9,2
LF:2
LH:2
BRF:0
BRH:0
end_of_record
TN:
SF:/Users/pawelgrimm/Project/pomi/src/components/App/index.ts
FNF:0
FNH:0
LF:0
LH:0
BRF:0
BRH:0
end_of_record
TN:
SF:/Users/pawelgrimm/Project/pomi/src/components/ButtonGroup/ButtonGroup.tsx
FN:8,(anonymous_0)
FNF:1
FNH:0
FNDA:0,(anonymous_0)
DA:8,2
DA:9,0
LF:2
LH:1
BRF:0
BRH:0
end_of_record
TN:
SF:/Users/pawelgrimm/Project/pomi/src/components/ButtonGroup/index.ts
FNF:0
FNH:0
LF:0
LH:0
BRF:0
BRH:0
end_of_record
TN:
SF:/Users/pawelgrimm/Project/pomi/src/components/Card/Card.tsx
FN:10,(anonymous_0)
FNF:1
FNH:0
FNDA:0,(anonymous_0)
DA:10,2
DA:11,0
DA:17,0
LF:3
LH:1
BRF:0
BRH:0
end_of_record
TN:
SF:/Users/pawelgrimm/Project/pomi/src/components/Card/index.ts
FNF:0
FNH:0
LF:0
LH:0
BRF:0
BRH:0
end_of_record
TN:
SF:/Users/pawelgrimm/Project/pomi/src/components/EditSessionPage/EditSessionPage.tsx
FN:12,(anonymous_0)
FN:19,(anonymous_1)
FNF:2
FNH:0
FNDA:0,(anonymous_0)
FNDA:0,(anonymous_1)
DA:12,2
DA:13,0
DA:14,0
DA:15,0
DA:16,0
DA:17,0
DA:19,0
DA:20,0
DA:27,0
DA:28,0
DA:31,0
LF:11
LH:1
BRF:0
BRH:0
end_of_record
TN:
SF:/Users/pawelgrimm/Project/pomi/src/components/EditSessionPage/index.ts
FNF:0
FNH:0
LF:0
LH:0
BRF:0
BRH:0
end_of_record
TN:
SF:/Users/pawelgrimm/Project/pomi/src/components/Header/Header.tsx
FN:5,(anonymous_0)
FN:24,(anonymous_1)
FNF:2
FNH:2
FNDA:1,(anonymous_0)
FNDA:2,(anonymous_1)
DA:5,3
DA:24,3
DA:25,2
DA:26,2
LF:4
LH:4
BRF:0
BRH:0
end_of_record
TN:
SF:/Users/pawelgrimm/Project/pomi/src/components/Header/index.ts
FNF:0
FNH:0
LF:0
LH:0
BRF:0
BRH:0
end_of_record
TN:
SF:/Users/pawelgrimm/Project/pomi/src/components/Inputs/DescriptionField.tsx
FN:4,(anonymous_0)
FNF:1
FNH:0
FNDA:0,(anonymous_0)
DA:4,2
DA:9,0
LF:2
LH:1
BRF:0
BRH:0
end_of_record
TN:
SF:/Users/pawelgrimm/Project/pomi/src/components/Inputs/TextField.tsx
FN:4,(anonymous_0)
FNF:1
FNH:0
FNDA:0,(anonymous_0)
DA:4,2
DA:9,0
LF:2
LH:1
BRF:0
BRH:0
end_of_record
TN:
SF:/Users/pawelgrimm/Project/pomi/src/components/Inputs/index.ts
FNF:0
FNH:0
LF:0
LH:0
BRF:0
BRH:0
end_of_record
TN:
SF:/Users/pawelgrimm/Project/pomi/src/components/Inputs/Input/Input.tsx
FN:9,(anonymous_0)
FN:21,(anonymous_1)
FNF:2
FNH:0
FNDA:0,(anonymous_0)
FNDA:0,(anonymous_1)
DA:9,2
DA:15,0
DA:21,0
LF:3
LH:1
BRDA:19,0,0,0
BRDA:19,0,1,0
BRF:2
BRH:0
end_of_record
TN:
SF:/Users/pawelgrimm/Project/pomi/src/components/Inputs/Input/index.ts
FNF:0
FNH:0
LF:0
LH:0
BRF:0
BRH:0
end_of_record
TN:
SF:/Users/pawelgrimm/Project/pomi/src/components/Inputs/TextArea/TextArea.tsx
FN:11,(anonymous_0)
FN:23,(anonymous_1)
FNF:2
FNH:0
FNDA:0,(anonymous_0)
FNDA:0,(anonymous_1)
DA:11,2
DA:17,0
DA:23,0
LF:3
LH:1
BRDA:21,0,0,0
BRDA:21,0,1,0
BRF:2
BRH:0
end_of_record
TN:
SF:/Users/pawelgrimm/Project/pomi/src/components/Inputs/TextArea/index.ts
FNF:0
FNH:0
LF:0
LH:0
BRF:0
BRH:0
end_of_record
TN:
SF:/Users/pawelgrimm/Project/pomi/src/components/TimerPage/TimerPage.tsx
FN:8,saveSession
FN:20,(anonymous_1)
FN:29,(anonymous_2)
FN:31,(anonymous_3)
FN:37,(anonymous_4)
FN:40,(anonymous_5)
FN:45,(anonymous_6)
FN:64,(anonymous_7)
FN:69,(anonymous_8)
FNF:9
FNH:1
FNDA:0,saveSession
FNDA:2,(anonymous_1)
FNDA:0,(anonymous_2)
FNDA:0,(anonymous_3)
FNDA:0,(anonymous_4)
FNDA:0,(anonymous_5)
FNDA:0,(anonymous_6)
FNDA:0,(anonymous_7)
FNDA:0,(anonymous_8)
DA:9,0
DA:10,0
DA:11,0
DA:12,0
DA:15,0
DA:16,0
DA:17,0
DA:20,2
DA:21,2
DA:22,2
DA:23,2
DA:24,2
DA:25,2
DA:26,2
DA:29,2
DA:30,0
DA:31,0
DA:37,2
DA:38,0
DA:40,0
DA:45,2
DA:46,0
DA:48,0
DA:49,0
DA:50,0
DA:53,0
DA:54,0
DA:55,0
DA:56,0
DA:60,2
DA:64,0
DA:69,0
LF:32
LH:11
BRDA:13,0,0,0
BRDA:13,0,1,0
BRDA:20,1,0,2
BRDA:30,2,0,0
BRDA:30,2,1,0
BRDA:38,3,0,0
BRDA:38,3,1,0
BRDA:40,4,0,0
BRDA:40,4,1,0
BRDA:46,5,0,0
BRDA:46,5,1,0
BRDA:75,6,0,0
BRDA:75,6,1,0
BRF:13
BRH:1
end_of_record
TN:
SF:/Users/pawelgrimm/Project/pomi/src/components/TimerPage/index.ts
FNF:0
FNH:0
LF:0
LH:0
BRF:0
BRH:0
end_of_record
TN:
SF:/Users/pawelgrimm/Project/pomi/src/components/TimerDisplay/TimerDisplay.tsx
FN:25,(anonymous_0)
FN:41,(anonymous_1)
FN:49,(anonymous_2)
FN:59,(anonymous_3)
FN:60,(anonymous_4)
FNF:5
FNH:1
FNDA:0,(anonymous_0)
FNDA:4,(anonymous_1)
FNDA:0,(anonymous_2)
FNDA:0,(anonymous_3)
FNDA:0,(anonymous_4)
DA:13,3
DA:25,3
DA:26,0
DA:28,0
DA:41,3
DA:46,4
DA:47,4
DA:49,4
DA:50,0
DA:53,4
DA:54,2
DA:56,2
DA:60,0
DA:61,0
LF:14
LH:9
BRDA:44,0,0,0
BRDA:53,1,0,2
BRDA:53,1,1,2
BRF:3
BRH:2
end_of_record
TN:
SF:/Users/pawelgrimm/Project/pomi/src/components/TimerDisplay/index.ts
FNF:0
FNH:0
LF:0
LH:0
BRF:0
BRH:0
end_of_record
TN:
SF:/Users/pawelgrimm/Project/pomi/src/hooks/index.ts
FNF:0
FNH:0
LF:0
LH:0
BRF:0
BRH:0
end_of_record
TN:
SF:/Users/pawelgrimm/Project/pomi/src/hooks/useClock/Clock.ts
FN:10,(anonymous_0)
FN:17,(anonymous_1)
FN:24,(anonymous_2)
FN:35,(anonymous_3)
FNF:4
FNH:4
FNDA:3,(anonymous_0)
FNDA:2,(anonymous_1)
FNDA:3,(anonymous_2)
FNDA:3,(anonymous_3)
DA:11,3
DA:12,3
DA:13,3
DA:14,3
DA:18,2
DA:19,2
DA:20,2
DA:21,2
DA:25,3
DA:26,3
DA:28,3
DA:29,3
DA:30,3
DA:32,3
DA:36,3
DA:37,2
LF:16
LH:16
BRDA:36,0,0,2
BRDA:36,0,1,1
BRF:2
BRH:2
end_of_record
TN:
SF:/Users/pawelgrimm/Project/pomi/src/hooks/useClock/actions.ts
FNF:0
FNH:0
DA:3,4
DA:5,4
DA:7,4
LF:3
LH:3
BRF:0
BRH:0
end_of_record
TN:
SF:/Users/pawelgrimm/Project/pomi/src/hooks/useClock/clockWorker-script.ts
FNF:0
FNH:0
DA:8,0
DA:10,0
DA:13,0
LF:3
LH:0
BRF:0
BRH:0
end_of_record
TN:
SF:/Users/pawelgrimm/Project/pomi/src/hooks/useClock/clockWorker.ts
FN:8,(anonymous_0)
FN:15,(anonymous_1)
FN:19,(anonymous_2)
FN:21,(anonymous_3)
FNF:4
FNH:4
FNDA:2,(anonymous_0)
FNDA:1,(anonymous_1)
FNDA:1,(anonymous_2)
FNDA:1,(anonymous_3)
DA:8,3
DA:15,3
DA:19,1
DA:20,1
DA:21,1
DA:22,1
LF:6
LH:6
BRF:0
BRH:0
end_of_record
TN:
SF:/Users/pawelgrimm/Project/pomi/src/hooks/useClock/clockWorkerFunctions.ts
FN:15,postCurrentTime
FN:23,(anonymous_1)
FN:24,(anonymous_2)
FNF:3
FNH:3
FNDA:1,postCurrentTime
FNDA:2,(anonymous_1)
FNDA:2,(anonymous_2)
DA:16,1
DA:23,1
DA:24,2
DA:25,2
DA:27,1
DA:28,1
DA:30,1
DA:31,1
LF:8
LH:8
BRDA:25,0,0,1
BRDA:25,0,1,1
BRF:2
BRH:2
end_of_record
TN:
SF:/Users/pawelgrimm/Project/pomi/src/hooks/useClock/index.ts
FNF:0
FNH:0
LF:0
LH:0
BRF:0
BRH:0
end_of_record
TN:
SF:/Users/pawelgrimm/Project/pomi/src/hooks/useClock/useClock.ts
FN:7,(anonymous_0)
FN:8,(anonymous_1)
FN:9,(anonymous_2)
FN:12,(anonymous_3)
FN:13,(anonymous_4)
FN:14,(anonymous_5)
FNF:6
FNH:6
FNDA:9,(anonymous_0)
FNDA:3,(anonymous_1)
FNDA:1,(anonymous_2)
FNDA:4,(anonymous_3)
FNDA:3,(anonymous_4)
FNDA:3,(anonymous_5)
DA:5,3
DA:7,3
DA:8,9
DA:9,9
DA:10,9
DA:12,9
DA:13,4
DA:14,3
DA:18,9
LF:9
LH:9
BRDA:7,0,0,6
BRF:1
BRH:1
end_of_record
TN:
SF:/Users/pawelgrimm/Project/pomi/src/hooks/useClock/workerKit/workerKit.ts
FN:15,(anonymous_0)
FN:16,(anonymous_1)
FN:26,(anonymous_2)
FNF:3
FNH:2
FNDA:2,(anonymous_0)
FNDA:0,(anonymous_1)
FNDA:2,(anonymous_2)
DA:15,5
DA:16,2
DA:17,0
DA:26,5
DA:27,2
DA:28,2
DA:29,2
LF:7
LH:6
BRF:0
BRH:0
end_of_record
TN:
SF:/Users/pawelgrimm/Project/pomi/src/hooks/useSession/useSession.tsx
FN:5,(anonymous_0)
FN:11,(anonymous_1)
FN:20,(anonymous_2)
FNF:3
FNH:1
FNDA:2,(anonymous_0)
FNDA:0,(anonymous_1)
FNDA:0,(anonymous_2)
DA:5,2
DA:6,2
DA:7,2
DA:8,2
DA:10,2
DA:12,0
DA:13,0
DA:14,0
DA:19,2
DA:21,0
DA:32,2
LF:11
LH:7
BRDA:11,0,0,0
BRDA:11,1,0,0
BRF:2
BRH:0
end_of_record
TN:
SF:/Users/pawelgrimm/Project/pomi/src/models/index.ts
FNF:0
FNH:0
LF:0
LH:0
BRF:0
BRH:0
end_of_record
TN:
SF:/Users/pawelgrimm/Project/pomi/src/models/session.tsx
FNF:0
FNH:0
LF:0
LH:0
BRF:0
BRH:0
end_of_record
TN:
SF:/Users/pawelgrimm/Project/pomi/src/playground/reformatTimelog.js
FN:4,(anonymous_0)
FN:8,(anonymous_1)
FN:15,(anonymous_2)
FN:16,(anonymous_3)
FNF:4
FNH:0
FNDA:0,(anonymous_0)
FNDA:0,(anonymous_1)
FNDA:0,(anonymous_2)
FNDA:0,(anonymous_3)
DA:1,0
DA:2,0
DA:4,0
DA:5,0
DA:8,0
DA:9,0
DA:10,0
DA:14,0
DA:15,0
DA:16,0
DA:17,0
DA:22,0
DA:29,0
DA:33,0
DA:40,0
LF:15
LH:0
BRF:0
BRH:0
end_of_record
TN:
SF:/Users/pawelgrimm/Project/pomi/src/playground/test-worker.ts
FN:7,(anonymous_0)
FN:12,(anonymous_1)
FN:21,(anonymous_2)
FNF:3
FNH:0
FNDA:0,(anonymous_0)
FNDA:0,(anonymous_1)
FNDA:0,(anonymous_2)
DA:3,0
DA:7,0
DA:8,0
DA:9,0
DA:10,0
DA:12,0
DA:13,0
DA:14,0
DA:18,0
DA:21,0
DA:22,0
DA:23,0
LF:12
LH:0
BRDA:9,0,0,0
BRDA:9,0,1,0
BRF:2
BRH:0
end_of_record
TN:
SF:/Users/pawelgrimm/Project/pomi/src/playground/worker-test.ts
FN:4,(anonymous_0)
FN:6,(anonymous_1)
FN:10,(anonymous_2)
FN:14,(anonymous_3)
FNF:4
FNH:0
FNDA:0,(anonymous_0)
FNDA:0,(anonymous_1)
FNDA:0,(anonymous_2)
FNDA:0,(anonymous_3)
DA:4,0
DA:5,0
DA:6,0
DA:7,0
DA:10,0
DA:11,0
DA:12,0
DA:14,0
DA:15,0
DA:16,0
LF:10
LH:0
BRF:0
BRH:0
end_of_record
TN:
SF:/Users/pawelgrimm/Project/pomi/src/playground/comlink/TimerPage.tsx
FNF:0
FNH:0
LF:0
LH:0
BRF:0
BRH:0
end_of_record
TN:
SF:/Users/pawelgrimm/Project/pomi/src/playground/comlink/index.ts
FNF:0
FNH:0
LF:0
LH:0
BRF:0
BRH:0
end_of_record
TN:
SF:/Users/pawelgrimm/Project/pomi/src/playground/comlink/worker.ts
FNF:0
FNH:0
LF:0
LH:0
BRF:0
BRH:0
end_of_record
TN:
SF:/Users/pawelgrimm/Project/pomi/src/styles/theme.ts
FNF:0
FNH:0
DA:3,2
LF:1
LH:1
BRF:0
BRH:0
end_of_record
TN:
SF:/Users/pawelgrimm/Project/pomi/src/utils/index.ts
FNF:0
FNH:0
LF:0
LH:0
BRF:0
BRH:0
end_of_record
TN:
SF:/Users/pawelgrimm/Project/pomi/src/utils/time.ts
FN:12,(anonymous_0)
FN:33,(anonymous_1)
FNF:2
FNH:1
FNDA:4,(anonymous_0)
FNDA:0,(anonymous_1)
DA:12,3
DA:13,4
DA:16,4
DA:17,4
DA:20,4
DA:24,4
DA:33,3
DA:34,0
DA:39,0
DA:40,0
DA:42,0
LF:11
LH:7
BRDA:39,0,0,0
BRDA:39,0,1,0
BRF:2
BRH:0
end_of_record
